<?xml version="1.0" encoding="UTF-8"?>
<Site BuildName="(empty)"
	BuildStamp="20231219-0057-Experimental"
	Name="jack-Raider-GE77HX-12UHS"
	Generator="ctest-3.16.3"
	CompilerName="/usr/bin/clang++"
	CompilerVersion="10.0.0"
	OSName="Linux"
	Hostname="jack-Raider-GE77HX-12UHS"
	OSRelease="5.15.0-91-generic"
	OSVersion="#101~20.04.1-Ubuntu SMP Thu Nov 16 14:22:28 UTC 2023"
	OSPlatform="x86_64"
	Is64Bits="1"
	VendorString="GenuineIntel"
	VendorID="Intel Corporation"
	FamilyID="6"
	ModelID="151"
	ProcessorCacheSize="30720"
	NumberOfLogicalCPU="24"
	NumberOfPhysicalCPU="16"
	TotalVirtualMemory="16211"
	TotalPhysicalMemory="31789"
	LogicalProcessorsPerPhysical="1"
	ProcessorClockFrequency="2500"
	>
	<Testing>
		<StartDateTime>Dec 19 08:57 CST</StartDateTime>
		<StartTestTime>1702947447</StartTestTime>
		<TestList/>
		<EndDateTime>Dec 19 08:57 CST</EndDateTime>
		<EndTestTime>1702947447</EndTestTime>
		<ElapsedMinutes>0</ElapsedMinutes>
	</Testing>
</Site>
